| pid: 4155167
| start time: 2024-04-01 04:18:20.940439


dep==1
Iteration 10, Result: 5.417
Iteration 20, Result: 5.413
Final Result:  message: Optimization terminated successfully.
 success: True
  status: 1
     fun: 5.411
       x: [ 1.246e+00  1.047e+00]
    nfev: 29
   maxcv: 0.0

----------------- Full result ---------------------
selection		probability	value
---------------------------------------------------
1110010110 50.9% 6
0101010000 22.9% 5
1010100000 19.6% 4
1101101001 4.6% 6
1101011010 1.3% 7
1110100101 0.6% 5


dep==2
Iteration 10, Result: 5.4075
Iteration 20, Result: 4.9025
Iteration 30, Result: 4.903
Iteration 40, Result: 4.902
Iteration 50, Result: 4.9015
Final Result:  message: Optimization terminated successfully.
 success: True
  status: 1
     fun: 4.9015
       x: [ 1.809e+00  1.343e+00  4.462e-02  1.047e+00]
    nfev: 50
   maxcv: 0.0

----------------- Full result ---------------------
selection		probability	value
---------------------------------------------------
0101010000 37.2% 5
1110100101 25.6% 5
1010100000 24.6% 4
1101101001 8.7% 6
1110010110 3.4% 6
1101011010 0.6% 7


dep==3
Iteration 10, Result: 4.935
Iteration 20, Result: 4.894
Iteration 30, Result: 4.881
Iteration 40, Result: 4.8405
Iteration 50, Result: 4.8205
Iteration 60, Result: 4.8195
Final Result:  message: Optimization terminated successfully.
 success: True
  status: 1
     fun: 4.8195
       x: [ 9.566e-01  1.146e+00  1.642e+00  1.816e+00  1.040e+00
            1.052e+00]
    nfev: 69
   maxcv: 0.0

----------------- Full result ---------------------
selection		probability	value
---------------------------------------------------
0101010000 42.4% 5
1010100000 30.6% 4
1110100101 14.7% 5
1110010110 5.5% 6
1101011010 5.0% 7
1101101001 1.8% 6


dep==4
Iteration 10, Result: 4.829
Iteration 20, Result: 4.335
Iteration 30, Result: 4.306
Iteration 40, Result: 4.295
Iteration 50, Result: 4.2895
Iteration 60, Result: 4.29
Iteration 70, Result: 4.2895
Iteration 80, Result: 4.2895
Final Result:  message: Optimization terminated successfully.
 success: True
  status: 1
     fun: 4.2895
       x: [ 2.004e+00  1.419e+00  7.681e-01  2.139e+00  1.117e+00
            1.327e+00  1.249e+00  1.027e+00]
    nfev: 85
   maxcv: 0.0

----------------- Full result ---------------------
selection		probability	value
---------------------------------------------------
1010100000 75.5% 4
1110100101 11.9% 5
0101010000 8.5% 5
1110010110 3.0% 6
1101101001 0.8% 6
1101011010 0.4% 7


dep==5
Iteration 10, Result: 4.884
Iteration 20, Result: 4.6235
Iteration 30, Result: 4.5495
Iteration 40, Result: 4.3795
Iteration 50, Result: 4.2715
Iteration 60, Result: 4.1885
