| pid: 222553
| start time: 2024-04-08 07:00:49.795513


dep==1
Iteration 10, Result: 5.417
Iteration 20, Result: 5.413
Final Result:  message: Optimization terminated successfully.
 success: True
  status: 1
     fun: 5.411
       x: [ 1.246e+00  1.047e+00]
    nfev: 29
   maxcv: 0.0

----------------- Full result ---------------------
selection		probability	value
---------------------------------------------------
1110010110 50.9% 6
0101010000 22.9% 5
1010100000 19.6% 4
1101101001 4.6% 6
1101011010 1.3% 7
1110100101 0.6% 5


dep==2
Iteration 10, Result: 5.4075
Iteration 20, Result: 4.9025
Iteration 30, Result: 4.903
Iteration 40, Result: 4.902
Iteration 50, Result: 4.9015
Final Result:  message: Optimization terminated successfully.
 success: True
  status: 1
     fun: 4.9015
       x: [ 1.809e+00  1.343e+00  4.462e-02  1.047e+00]
    nfev: 50
   maxcv: 0.0

----------------- Full result ---------------------
selection		probability	value
---------------------------------------------------
0101010000 37.2% 5
1110100101 25.6% 5
1010100000 24.6% 4
1101101001 8.7% 6
1110010110 3.4% 6
1101011010 0.6% 7


dep==3
Iteration 10, Result: 4.935
Iteration 20, Result: 4.894
Iteration 30, Result: 4.881
Iteration 40, Result: 4.8405
Iteration 50, Result: 4.8205
Iteration 60, Result: 4.8195
Final Result:  message: Optimization terminated successfully.
 success: True
  status: 1
     fun: 4.8195
       x: [ 9.566e-01  1.146e+00  1.642e+00  1.816e+00  1.040e+00
            1.052e+00]
    nfev: 69
   maxcv: 0.0

----------------- Full result ---------------------
selection		probability	value
---------------------------------------------------
0101010000 42.4% 5
1010100000 30.6% 4
1110100101 14.7% 5
1110010110 5.5% 6
1101011010 5.0% 7
1101101001 1.8% 6


dep==4
Iteration 10, Result: 4.829
Iteration 20, Result: 4.335
Iteration 30, Result: 4.306
Iteration 40, Result: 4.295
Iteration 50, Result: 4.2895
Iteration 60, Result: 4.29
Iteration 70, Result: 4.2895
Iteration 80, Result: 4.2895
Final Result:  message: Optimization terminated successfully.
 success: True
  status: 1
     fun: 4.2895
       x: [ 2.004e+00  1.419e+00  7.681e-01  2.139e+00  1.117e+00
            1.327e+00  1.249e+00  1.027e+00]
    nfev: 85
   maxcv: 0.0

----------------- Full result ---------------------
selection		probability	value
---------------------------------------------------
1010100000 75.5% 4
1110100101 11.9% 5
0101010000 8.5% 5
1110010110 3.0% 6
1101101001 0.8% 6
1101011010 0.4% 7


dep==5
Iteration 10, Result: 4.884
Iteration 20, Result: 4.6235
Iteration 30, Result: 4.5495
Iteration 40, Result: 4.3795
Iteration 50, Result: 4.2715
Iteration 60, Result: 4.1885
Iteration 70, Result: 4.1765
Iteration 80, Result: 4.1605
Iteration 90, Result: 4.16
Iteration 100, Result: 4.158
Iteration 110, Result: 4.156
Iteration 120, Result: 4.156
Iteration 130, Result: 4.1545
Final Result:  message: Optimization terminated successfully.
 success: True
  status: 1
     fun: 4.1545
       x: [ 1.943e+00  1.209e+00  8.569e-01  1.205e+00  1.154e+00
            9.924e-01  8.774e-01  1.516e+00  6.203e-01  1.109e+00]
    nfev: 138
   maxcv: 0.0

----------------- Full result ---------------------
selection		probability	value
---------------------------------------------------
1010100000 87.6% 4
1110100101 10.4% 5
1101101001 0.9% 6
1110010110 0.5% 6
1101011010 0.3% 7
0101010000 0.2% 5


dep==6
Iteration 10, Result: 4.982
Iteration 20, Result: 4.5595
Iteration 30, Result: 4.436
Iteration 40, Result: 4.462
Iteration 50, Result: 4.3655
Iteration 60, Result: 4.2975
Iteration 70, Result: 4.263
Iteration 80, Result: 4.26
Iteration 90, Result: 4.2215
Iteration 100, Result: 4.219
Iteration 110, Result: 4.2225
Iteration 120, Result: 4.2135
Iteration 130, Result: 4.214
Iteration 140, Result: 4.2135
Iteration 150, Result: 4.2135
Final Result:  message: Optimization terminated successfully.
 success: True
  status: 1
     fun: 4.2135
       x: [ 1.103e+00  1.547e+00  9.429e-01  1.117e+00  7.175e-01
            1.042e+00  1.127e+00  2.067e+00  1.269e+00  1.757e+00
            8.148e-01  1.089e+00]
    nfev: 150
   maxcv: 0.0

----------------- Full result ---------------------
selection		probability	value
---------------------------------------------------
1010100000 81.9% 4
1110100101 12.6% 5
0101010000 3.1% 5
1110010110 1.3% 6
1101011010 0.9% 7
1101101001 0.1% 6


dep==7
Iteration 10, Result: 5.745
Iteration 20, Result: 5.236
Iteration 30, Result: 4.476
Iteration 40, Result: 4.3295
Iteration 50, Result: 4.1745
Iteration 60, Result: 4.1325
Iteration 70, Result: 4.0905
Iteration 80, Result: 4.053
Iteration 90, Result: 4.0645
Iteration 100, Result: 4.0175
Iteration 110, Result: 4.0145
Iteration 120, Result: 4.0125
Iteration 130, Result: 4.0115
Iteration 140, Result: 4.0115
Iteration 150, Result: 4.0125
Iteration 160, Result: 4.011
Iteration 170, Result: 4.011
Final Result:  message: Optimization terminated successfully.
 success: True
  status: 1
     fun: 4.011
       x: [ 1.971e+00  1.024e+00 ...  8.211e-01  1.029e+00]
    nfev: 178
   maxcv: 0.0

----------------- Full result ---------------------
selection		probability	value
---------------------------------------------------
1010100000 98.6% 4
0101010000 1.2% 5
1110100101 0.1% 5
1101101001 0.1% 6
1101011010 0.0% 7
1110010110 0.0% 6


dep==8
Iteration 10, Result: 5.1715
Iteration 20, Result: 5.131
Iteration 30, Result: 4.982
Iteration 40, Result: 4.5835
Iteration 50, Result: 4.417
Iteration 60, Result: 4.291
Iteration 70, Result: 4.1765
Iteration 80, Result: 4.1545
Iteration 90, Result: 4.151
Iteration 100, Result: 4.1215
Iteration 110, Result: 4.0975
Iteration 120, Result: 4.0845
Iteration 130, Result: 4.0655
Iteration 140, Result: 4.059
Iteration 150, Result: 4.0595
Iteration 160, Result: 4.05
Iteration 170, Result: 4.0515
Iteration 180, Result: 4.05
Iteration 190, Result: 4.0495
Iteration 200, Result: 4.0495
Iteration 210, Result: 4.0495
Iteration 220, Result: 4.0495
Final Result:  message: Optimization terminated successfully.
 success: True
  status: 1
     fun: 4.0495
       x: [ 1.590e+00  1.135e+00 ...  8.654e-01  9.932e-01]
    nfev: 221
   maxcv: 0.0

----------------- Full result ---------------------
selection		probability	value
---------------------------------------------------
1010100000 95.0% 4
1110100101 3.0% 5
0101010000 1.6% 5
1110010110 0.3% 6
1101101001 0.1% 6
1101011010 0.1% 7


dep==9
Iteration 10, Result: 5.643
Iteration 20, Result: 5.057
Iteration 30, Result: 4.605
Iteration 40, Result: 4.4545
Iteration 50, Result: 4.536
Iteration 60, Result: 4.419
Iteration 70, Result: 4.2855
Iteration 80, Result: 4.2305
Iteration 90, Result: 4.2565
Iteration 100, Result: 4.1595
Iteration 110, Result: 4.1015
Iteration 120, Result: 4.075
Iteration 130, Result: 4.0715
Iteration 140, Result: 4.0595
Iteration 150, Result: 4.051
Iteration 160, Result: 4.052
Iteration 170, Result: 4.05
Iteration 180, Result: 4.0495
Iteration 190, Result: 4.0485
Iteration 200, Result: 4.0485
Iteration 210, Result: 4.047
Iteration 220, Result: 4.0475
Iteration 230, Result: 4.0485
Iteration 240, Result: 4.0485
Iteration 250, Result: 4.047
Final Result:  message: Optimization terminated successfully.
 success: True
  status: 1
     fun: 4.047
       x: [ 2.247e+00  5.681e-01 ...  2.206e+00  1.223e+00]
    nfev: 251
   maxcv: 0.0

----------------- Full result ---------------------
selection		probability	value
---------------------------------------------------
1010100000 95.0% 4
1110100101 3.2% 5
0101010000 1.5% 5
1110010110 0.1% 6
1101101001 0.1% 6
1101011010 0.1% 7
