capi_return is NULL
Call-back cb_calcfc_in__cobyla__user__routines failed.
Traceback (most recent call last):
  File "/home/jiangqifan/Codes/FLP/2_QAOA+/2.2_construction_method_No_optimized/flp_2m2_worst_1to10.py", line 175, in <module>
    test(np.full(dep * 2, np.pi/3, dtype=np.float128))
  File "/home/jiangqifan/Codes/FLP/2_QAOA+/2.2_construction_method_No_optimized/flp_2m2_worst_1to10.py", line 155, in test
    res = minimize(expectation, par, method='COBYLA', options={'maxiter': max_iterations}, callback=callback)
  File "/home/jiangqifan/Tools/anaconda3/envs/FLP/lib/python3.8/site-packages/scipy/optimize/_minimize.py", line 702, in minimize
    res = _minimize_cobyla(fun, x0, args, constraints, callback=callback,
  File "/home/jiangqifan/Tools/anaconda3/envs/FLP/lib/python3.8/site-packages/scipy/optimize/_cobyla_py.py", line 34, in wrapper
    return func(*args, **kwargs)
  File "/home/jiangqifan/Tools/anaconda3/envs/FLP/lib/python3.8/site-packages/scipy/optimize/_cobyla_py.py", line 270, in _minimize_cobyla
    xopt, info = cobyla.minimize(calcfc, m=m, x=np.copy(x0), rhobeg=rhobeg,
  File "/home/jiangqifan/Tools/anaconda3/envs/FLP/lib/python3.8/site-packages/scipy/optimize/_cobyla_py.py", line 258, in calcfc
    f = fun(np.copy(x), *args)
  File "/home/jiangqifan/Codes/FLP/2_QAOA+/2.2_construction_method_No_optimized/flp_2m2_worst_1to10.py", line 131, in execute_circ
    qc = build_circ(theta)
  File "/home/jiangqifan/Codes/FLP/2_QAOA+/2.2_construction_method_No_optimized/flp_2m2_worst_1to10.py", line 100, in build_circ
    qc.unitary(expm(-1j * gamma[dp] * Hd), range(num_qubits))
  File "/home/jiangqifan/Tools/anaconda3/envs/FLP/lib/python3.8/site-packages/qiskit/circuit/quantumcircuit.py", line 4213, in unitary
    gate = UnitaryGate(obj, label=label)
  File "/home/jiangqifan/Tools/anaconda3/envs/FLP/lib/python3.8/site-packages/qiskit/circuit/library/generalized_gates/unitary.py", line 103, in __init__
    raise ValueError("Input matrix is not unitary.")
ValueError: Input matrix is not unitary.
